2018-09-28 21:00:09 : 2018-09-28 21:00:09 : Cryptopia black list coins updated.
2018-09-29 03:00:10 : 2018-09-29 03:00:10 : Cryptopia black list coins updated.
2018-09-29 09:00:12 : 2018-09-29 09:00:12 : Cryptopia black list coins updated.
2018-09-29 15:00:07 : 2018-09-29 15:00:07 : Cryptopia black list coins updated.
2018-09-29 21:00:08 : 2018-09-29 21:00:08 : Cryptopia black list coins updated.
2018-09-30 03:00:03 : 2018-09-30 03:00:03 : Cryptopia black list coins updated.

In Cryptopia.php line 18:
                                      
  Can't Connect to Cryptopia, Error:  
                                      

2018-09-30 15:00:11 : 2018-09-30 15:00:11 : Cryptopia black list coins updated.
2018-09-30 21:00:07 : 2018-09-30 21:00:07 : Cryptopia black list coins updated.
2018-10-01 03:00:08 : 2018-10-01 03:00:08 : Cryptopia black list coins updated.
2018-10-01 09:00:09 : 2018-10-01 09:00:09 : Cryptopia black list coins updated.
2018-10-01 15:00:10 : 2018-10-01 15:00:10 : Cryptopia black list coins updated.
2018-10-01 21:00:11 : 2018-10-01 21:00:11 : Cryptopia black list coins updated.
2018-10-02 03:00:08 : 2018-10-02 03:00:08 : Cryptopia black list coins updated.
2018-10-02 09:00:08 : 2018-10-02 09:00:08 : Cryptopia black list coins updated.
2018-10-02 15:00:10 : 2018-10-02 15:00:10 : Cryptopia black list coins updated.
2018-10-02 21:00:10 : 2018-10-02 21:00:10 : Cryptopia black list coins updated.
2018-10-03 03:02:56 : 2018-10-03 03:02:56 : Cryptopia black list coins updated.
2018-10-03 09:00:07 : 2018-10-03 09:00:07 : Cryptopia black list coins updated.
2018-10-03 15:00:03 : 2018-10-03 15:00:03 : Cryptopia black list coins updated.
2018-10-03 21:00:09 : 2018-10-03 21:00:09 : Cryptopia black list coins updated.

In Cryptopia.php line 18:
                                      
  Can't Connect to Cryptopia, Error:  
                                      

2018-10-04 09:00:10 : 2018-10-04 09:00:10 : Cryptopia black list coins updated.
2018-10-04 15:00:04 : 2018-10-04 15:00:04 : Cryptopia black list coins updated.
2018-10-04 21:00:03 : 2018-10-04 21:00:03 : Cryptopia black list coins updated.
2018-10-05 03:00:03 : 2018-10-05 03:00:03 : Cryptopia black list coins updated.
2018-10-05 09:00:03 : 2018-10-05 09:00:03 : Cryptopia black list coins updated.
2018-10-05 15:00:03 : 2018-10-05 15:00:03 : Cryptopia black list coins updated.
2018-10-05 21:00:03 : 2018-10-05 21:00:03 : Cryptopia black list coins updated.
2018-10-06 03:00:03 : 2018-10-06 03:00:03 : Cryptopia black list coins updated.
2018-10-06 09:00:03 : 2018-10-06 09:00:03 : Cryptopia black list coins updated.
2018-10-06 15:00:04 : 2018-10-06 15:00:04 : Cryptopia black list coins updated.
2018-10-06 21:00:05 : 2018-10-06 21:00:05 : Cryptopia black list coins updated.

In CryptopiaBlackList.php line 46:
                              
  Can't Connect to Cryptopia  
                              


In PDOConnection.php line 47:
                                             
  SQLSTATE[HY000] [2002] Connection refused  
                                             

In PDOConnection.php line 43:
                                             
  SQLSTATE[HY000] [2002] Connection refused  
                                             

2018-10-07 15:00:03 : 2018-10-07 15:00:03 : Cryptopia black list coins updated.
2018-10-07 21:00:04 : 2018-10-07 21:00:04 : Cryptopia black list coins updated.
2018-10-08 03:00:10 : 2018-10-08 03:00:10 : Cryptopia black list coins updated.
2018-10-08 09:00:12 : 2018-10-08 09:00:12 : Cryptopia black list coins updated.
2018-10-08 15:00:08 : 2018-10-08 15:00:08 : Cryptopia black list coins updated.
